Flow report for EDL_merged_code
Wed Apr 17 17:50:58 2024
Quartus Prime Version 20.1.1 Build 720 11/11/2020 SJ Lite Edition


---------------------
; Table of Contents ;
---------------------
  1. Legal Notice
  2. Flow Summary
  3. Flow Settings
  4. Flow Non-Default Global Settings
  5. Flow Elapsed Time
  6. Flow OS Summary
  7. Flow Log
  8. Flow Messages
  9. Flow Suppressed Messages



----------------
; Legal Notice ;
----------------
Copyright (C) 2020  Intel Corporation. All rights reserved.
Your use of Intel Corporation's design tools, logic functions 
and other software and tools, and any partner logic 
functions, and any output files from any of the foregoing 
(including device programming or simulation files), and any 
associated documentation or information are expressly subject 
to the terms and conditions of the Intel Program License 
Subscription Agreement, the Intel Quartus Prime License Agreement,
the Intel FPGA IP License Agreement, or other applicable license
agreement, including, without limitation, that your use is for
the sole purpose of programming logic devices manufactured by
Intel and sold by Intel or its authorized distributors.  Please
refer to the applicable agreement for further details, at
https://fpgasoftware.intel.com/eula.



+----------------------------------------------------------------------------------+
; Flow Summary                                                                     ;
+------------------------------------+---------------------------------------------+
; Flow Status                        ; Successful - Wed Apr 17 17:50:54 2024       ;
; Quartus Prime Version              ; 20.1.1 Build 720 11/11/2020 SJ Lite Edition ;
; Revision Name                      ; EDL_merged_code                             ;
; Top-level Entity Name              ; EDL_merged_code                             ;
; Family                             ; Cyclone IV E                                ;
; Device                             ; EP4CE22F17C8                                ;
; Timing Models                      ; Final                                       ;
; Total logic elements               ; 4,363 / 22,320 ( 20 % )                     ;
;     Total combinational functions  ; 3,861 / 22,320 ( 17 % )                     ;
;     Dedicated logic registers      ; 1,960 / 22,320 ( 9 % )                      ;
; Total registers                    ; 1960                                        ;
; Total pins                         ; 46 / 154 ( 30 % )                           ;
; Total virtual pins                 ; 0                                           ;
; Total memory bits                  ; 4,096 / 608,256 ( < 1 % )                   ;
; Embedded Multiplier 9-bit elements ; 0 / 132 ( 0 % )                             ;
; Total PLLs                         ; 0 / 4 ( 0 % )                               ;
+------------------------------------+---------------------------------------------+


+-----------------------------------------+
; Flow Settings                           ;
+-------------------+---------------------+
; Option            ; Setting             ;
+-------------------+---------------------+
; Start date & time ; 04/17/2024 17:46:17 ;
; Main task         ; Compilation         ;
; Revision Name     ; EDL_merged_code     ;
+-------------------+---------------------+


+----------------------------------------------------------------------------------------------------------------------------------------------+
; Flow Non-Default Global Settings                                                                                                             ;
+-------------------------------------+-------------------------------------------------------------+---------------+-------------+------------+
; Assignment Name                     ; Value                                                       ; Default Value ; Entity Name ; Section Id ;
+-------------------------------------+-------------------------------------------------------------+---------------+-------------+------------+
; COMPILER_SIGNATURE_ID               ; 1096753642702.171335617622052                               ; --            ; --          ; --         ;
; MAX_CORE_JUNCTION_TEMP              ; 85                                                          ; --            ; --          ; --         ;
; MIN_CORE_JUNCTION_TEMP              ; 0                                                           ; --            ; --          ; --         ;
; MISC_FILE                           ; uart_jtag/synthesis/../uart_jtag.cmp                        ; --            ; --          ; --         ;
; MISC_FILE                           ; uart_jtag/synthesis/../../uart_jtag.qsys                    ; --            ; --          ; --         ;
; NOMINAL_CORE_SUPPLY_VOLTAGE         ; 1.2V                                                        ; --            ; --          ; --         ;
; PARTITION_COLOR                     ; -- (Not supported for targeted family)                      ; --            ; --          ; Top        ;
; PARTITION_FITTER_PRESERVATION_LEVEL ; -- (Not supported for targeted family)                      ; --            ; --          ; Top        ;
; PARTITION_NETLIST_TYPE              ; -- (Not supported for targeted family)                      ; --            ; --          ; Top        ;
; POWER_BOARD_THERMAL_MODEL           ; None (CONSERVATIVE)                                         ; --            ; --          ; --         ;
; POWER_PRESET_COOLING_SOLUTION       ; 23 MM HEAT SINK WITH 200 LFPM AIRFLOW                       ; --            ; --          ; --         ;
; PROJECT_OUTPUT_DIRECTORY            ; output_files                                                ; --            ; --          ; --         ;
; SLD_FILE                            ; uart_jtag/synthesis/uart_jtag.regmap                        ; --            ; --          ; --         ;
; SLD_FILE                            ; uart_jtag/synthesis/uart_jtag.debuginfo                     ; --            ; --          ; --         ;
; SLD_INFO                            ; QSYS_NAME uart_jtag HAS_SOPCINFO 1 GENERATION_ID 1713110360 ; --            ; uart_jtag   ; --         ;
; SOPCINFO_FILE                       ; uart_jtag/synthesis/../../uart_jtag.sopcinfo                ; --            ; --          ; --         ;
; SYNTHESIS_ONLY_QIP                  ; On                                                          ; --            ; --          ; --         ;
+-------------------------------------+-------------------------------------------------------------+---------------+-------------+------------+


+--------------------------------------------------------------------------------------------------------------------------+
; Flow Elapsed Time                                                                                                        ;
+----------------------+--------------+-------------------------+---------------------+------------------------------------+
; Module Name          ; Elapsed Time ; Average Processors Used ; Peak Virtual Memory ; Total CPU Time (on all processors) ;
+----------------------+--------------+-------------------------+---------------------+------------------------------------+
; Analysis & Synthesis ; 00:04:18     ; 1.0                     ; 5954 MB             ; 00:03:47                           ;
; Fitter               ; 00:00:13     ; 1.3                     ; 6181 MB             ; 00:00:14                           ;
; Assembler            ; 00:00:02     ; 1.0                     ; 4695 MB             ; 00:00:02                           ;
; Timing Analyzer      ; 00:00:03     ; 1.6                     ; 4920 MB             ; 00:00:03                           ;
; Total                ; 00:04:36     ; --                      ; --                  ; 00:04:06                           ;
+----------------------+--------------+-------------------------+---------------------+------------------------------------+


+------------------------------------------------------------------------------------+
; Flow OS Summary                                                                    ;
+----------------------+------------------+------------+------------+----------------+
; Module Name          ; Machine Hostname ; OS Name    ; OS Version ; Processor type ;
+----------------------+------------------+------------+------------+----------------+
; Analysis & Synthesis ; LAPTOP-JMK4T62I  ; Windows 10 ; 10.0       ; x86_64         ;
; Fitter               ; LAPTOP-JMK4T62I  ; Windows 10 ; 10.0       ; x86_64         ;
; Assembler            ; LAPTOP-JMK4T62I  ; Windows 10 ; 10.0       ; x86_64         ;
; Timing Analyzer      ; LAPTOP-JMK4T62I  ; Windows 10 ; 10.0       ; x86_64         ;
+----------------------+------------------+------------+------------+----------------+


------------
; Flow Log ;
------------
quartus_map --read_settings_files=on --write_settings_files=off EDL_merged_code -c EDL_merged_code
quartus_fit --read_settings_files=off --write_settings_files=off EDL_merged_code -c EDL_merged_code
quartus_asm --read_settings_files=off --write_settings_files=off EDL_merged_code -c EDL_merged_code
quartus_sta EDL_merged_code -c EDL_merged_code



