Flow report for jtaguart_comm
Thu Mar 28 16:38:36 2024
Quartus Prime Version 20.1.1 Build 720 11/11/2020 SJ Lite Edition


---------------------
; Table of Contents ;
---------------------
  1. Legal Notice
  2. Flow Summary
  3. Flow Settings
  4. Flow Non-Default Global Settings
  5. Flow Elapsed Time
  6. Flow OS Summary
  7. Flow Log
  8. Flow Messages
  9. Flow Suppressed Messages



----------------
; Legal Notice ;
----------------
Copyright (C) 2020  Intel Corporation. All rights reserved.
Your use of Intel Corporation's design tools, logic functions 
and other software and tools, and any partner logic 
functions, and any output files from any of the foregoing 
(including device programming or simulation files), and any 
associated documentation or information are expressly subject 
to the terms and conditions of the Intel Program License 
Subscription Agreement, the Intel Quartus Prime License Agreement,
the Intel FPGA IP License Agreement, or other applicable license
agreement, including, without limitation, that your use is for
the sole purpose of programming logic devices manufactured by
Intel and sold by Intel or its authorized distributors.  Please
refer to the applicable agreement for further details, at
https://fpgasoftware.intel.com/eula.



+----------------------------------------------------------------------------------+
; Flow Summary                                                                     ;
+------------------------------------+---------------------------------------------+
; Flow Status                        ; Successful - Thu Mar 28 16:38:34 2024       ;
; Quartus Prime Version              ; 20.1.1 Build 720 11/11/2020 SJ Lite Edition ;
; Revision Name                      ; jtaguart_comm                               ;
; Top-level Entity Name              ; jtaguart_comm                               ;
; Family                             ; Cyclone IV E                                ;
; Device                             ; EP4CE22F17C8                                ;
; Timing Models                      ; Final                                       ;
; Total logic elements               ; 242 / 22,320 ( 1 % )                        ;
;     Total combinational functions  ; 217 / 22,320 ( < 1 % )                      ;
;     Dedicated logic registers      ; 147 / 22,320 ( < 1 % )                      ;
; Total registers                    ; 147                                         ;
; Total pins                         ; 5 / 154 ( 3 % )                             ;
; Total virtual pins                 ; 0                                           ;
; Total memory bits                  ; 512 / 608,256 ( < 1 % )                     ;
; Embedded Multiplier 9-bit elements ; 0 / 132 ( 0 % )                             ;
; Total PLLs                         ; 0 / 4 ( 0 % )                               ;
+------------------------------------+---------------------------------------------+


+-----------------------------------------+
; Flow Settings                           ;
+-------------------+---------------------+
; Option            ; Setting             ;
+-------------------+---------------------+
; Start date & time ; 03/28/2024 16:38:02 ;
; Main task         ; Compilation         ;
; Revision Name     ; jtaguart_comm       ;
+-------------------+---------------------+


+---------------------------------------------------------------------------------------------------------------------------------------------------------------------+
; Flow Non-Default Global Settings                                                                                                                                    ;
+-------------------------------------+-------------------------------------------------------------+---------------+-------------+-----------------------------------+
; Assignment Name                     ; Value                                                       ; Default Value ; Entity Name ; Section Id                        ;
+-------------------------------------+-------------------------------------------------------------+---------------+-------------+-----------------------------------+
; COMPILER_SIGNATURE_ID               ; 1097695366182.171162408227600                               ; --            ; --          ; --                                ;
; EDA_GENERATE_FUNCTIONAL_NETLIST     ; Off                                                         ; --            ; --          ; eda_board_design_timing           ;
; EDA_GENERATE_FUNCTIONAL_NETLIST     ; Off                                                         ; --            ; --          ; eda_board_design_boundary_scan    ;
; EDA_GENERATE_FUNCTIONAL_NETLIST     ; Off                                                         ; --            ; --          ; eda_board_design_signal_integrity ;
; EDA_GENERATE_FUNCTIONAL_NETLIST     ; Off                                                         ; --            ; --          ; eda_board_design_symbol           ;
; FLOW_ENABLE_POWER_ANALYZER          ; On                                                          ; Off           ; --          ; --                                ;
; MAX_CORE_JUNCTION_TEMP              ; 85                                                          ; --            ; --          ; --                                ;
; MIN_CORE_JUNCTION_TEMP              ; 0                                                           ; --            ; --          ; --                                ;
; MISC_FILE                           ; jtag_uart/synthesis/../jtag_uart.cmp                        ; --            ; --          ; --                                ;
; MISC_FILE                           ; jtag_uart/synthesis/../../jtag_uart.qsys                    ; --            ; --          ; --                                ;
; PARTITION_COLOR                     ; -- (Not supported for targeted family)                      ; --            ; --          ; Top                               ;
; PARTITION_FITTER_PRESERVATION_LEVEL ; -- (Not supported for targeted family)                      ; --            ; --          ; Top                               ;
; PARTITION_NETLIST_TYPE              ; -- (Not supported for targeted family)                      ; --            ; --          ; Top                               ;
; POWER_BOARD_THERMAL_MODEL           ; None (CONSERVATIVE)                                         ; --            ; --          ; --                                ;
; POWER_DEFAULT_INPUT_IO_TOGGLE_RATE  ; 12.5 %                                                      ; 12.5%         ; --          ; --                                ;
; POWER_PRESET_COOLING_SOLUTION       ; 23 MM HEAT SINK WITH 200 LFPM AIRFLOW                       ; --            ; --          ; --                                ;
; PROJECT_OUTPUT_DIRECTORY            ; output_files                                                ; --            ; --          ; --                                ;
; SLD_FILE                            ; jtag_uart/synthesis/jtag_uart.regmap                        ; --            ; --          ; --                                ;
; SLD_FILE                            ; jtag_uart/synthesis/jtag_uart.debuginfo                     ; --            ; --          ; --                                ;
; SLD_INFO                            ; QSYS_NAME jtag_uart HAS_SOPCINFO 1 GENERATION_ID 1710926886 ; --            ; jtag_uart   ; --                                ;
; SOPCINFO_FILE                       ; jtag_uart/synthesis/../../jtag_uart.sopcinfo                ; --            ; --          ; --                                ;
; SYNTHESIS_ONLY_QIP                  ; On                                                          ; --            ; --          ; --                                ;
+-------------------------------------+-------------------------------------------------------------+---------------+-------------+-----------------------------------+


+--------------------------------------------------------------------------------------------------------------------------+
; Flow Elapsed Time                                                                                                        ;
+----------------------+--------------+-------------------------+---------------------+------------------------------------+
; Module Name          ; Elapsed Time ; Average Processors Used ; Peak Virtual Memory ; Total CPU Time (on all processors) ;
+----------------------+--------------+-------------------------+---------------------+------------------------------------+
; Analysis & Synthesis ; 00:00:22     ; 1.0                     ; 4859 MB             ; 00:00:24                           ;
; Fitter               ; 00:00:04     ; 1.1                     ; 6134 MB             ; 00:00:04                           ;
; Assembler            ; 00:00:01     ; 1.0                     ; 4685 MB             ; 00:00:01                           ;
; Power Analyzer       ; 00:00:02     ; 1.1                     ; 4930 MB             ; 00:00:02                           ;
; Timing Analyzer      ; 00:00:01     ; 1.1                     ; 4869 MB             ; 00:00:01                           ;
; Total                ; 00:00:30     ; --                      ; --                  ; 00:00:32                           ;
+----------------------+--------------+-------------------------+---------------------+------------------------------------+


+------------------------------------------------------------------------------------+
; Flow OS Summary                                                                    ;
+----------------------+------------------+------------+------------+----------------+
; Module Name          ; Machine Hostname ; OS Name    ; OS Version ; Processor type ;
+----------------------+------------------+------------+------------+----------------+
; Analysis & Synthesis ; LAPTOP-JMK4T62I  ; Windows 10 ; 10.0       ; x86_64         ;
; Fitter               ; LAPTOP-JMK4T62I  ; Windows 10 ; 10.0       ; x86_64         ;
; Assembler            ; LAPTOP-JMK4T62I  ; Windows 10 ; 10.0       ; x86_64         ;
; Power Analyzer       ; LAPTOP-JMK4T62I  ; Windows 10 ; 10.0       ; x86_64         ;
; Timing Analyzer      ; LAPTOP-JMK4T62I  ; Windows 10 ; 10.0       ; x86_64         ;
+----------------------+------------------+------------+------------+----------------+


------------
; Flow Log ;
------------
quartus_map --read_settings_files=on --write_settings_files=off jtaguart_comm -c jtaguart_comm
quartus_fit --read_settings_files=off --write_settings_files=off jtaguart_comm -c jtaguart_comm
quartus_asm --read_settings_files=off --write_settings_files=off jtaguart_comm -c jtaguart_comm
quartus_pow --read_settings_files=off --write_settings_files=off jtaguart_comm -c jtaguart_comm
quartus_sta jtaguart_comm -c jtaguart_comm



